<?xml version="1.0" encoding="UTF-8"?>
<!-- Generated by org.testng.reporters.JUnitXMLReporter -->
<testsuite hostname="DESKTOP-N504N6L" ignored="0" name="Default test" tests="4" failures="0" timestamp="22 Feb 2021 22:11:42 GMT" time="8.846" errors="0">
  <testcase name="validateErrorInResponseWhenInvalidParameterPassedInRequest" time="3.385" classname="com.test.GETSpaceXData"/>
  <testcase name="validateResponseTimeIsLessThanTwoSeconds" time="1.899" classname="com.test.GETSpaceXData"/>
  <testcase name="validateSpaceSatelliteLaunchDetails" time="2.462" classname="com.test.GETSpaceXData"/>
  <testcase name="validateSuccessStatusCodeReturnedInResponse" time="1.022" classname="com.test.GETSpaceXData"/>
</testsuite> <!-- Default test -->
