<?xml version="1.0" encoding="UTF-8"?>
<!-- Generated by org.testng.reporters.JUnitXMLReporter -->
<testsuite hostname="DESKTOP-N504N6L" ignored="0" name="Default test" tests="4" failures="0" timestamp="13 Feb 2021 12:36:09 GMT" time="9.104" errors="0">
  <testcase name="ValidateErrorInResponseWhenInvalidParameterPassedInRequest" time="3.543" classname="com.test.GETSpaceXData"/>
  <testcase name="ValidateResponseTimeIsLessThanTwoSeconds" time="1.979" classname="com.test.GETSpaceXData"/>
  <testcase name="ValidateSpaceSatelliteLaunchDetails" time="2.5" classname="com.test.GETSpaceXData"/>
  <testcase name="ValidateSuccessStatusCodeReturnedInResponse" time="1.003" classname="com.test.GETSpaceXData"/>
</testsuite> <!-- Default test -->
