<?xml version="1.0" encoding="UTF-8"?>
<testng-results skipped="0" failed="0" ignored="0" total="4" passed="4">
  <reporter-output>
  </reporter-output>
  <suite name="Default suite" duration-ms="8846" started-at="2021-02-22T22:11:33Z" finished-at="2021-02-22T22:11:42Z">
    <groups>
      <group name="SpacexDemo-AP">
        <method signature="GETSpaceXData.validateErrorInResponseWhenInvalidParameterPassedInRequest()[pri:0, instance:com.test.GETSpaceXData@59f99ea]" name="validateErrorInResponseWhenInvalidParameterPassedInRequest" class="com.test.GETSpaceXData"/>
        <method signature="GETSpaceXData.validateResponseTimeIsLessThanTwoSeconds()[pri:0, instance:com.test.GETSpaceXData@59f99ea]" name="validateResponseTimeIsLessThanTwoSeconds" class="com.test.GETSpaceXData"/>
        <method signature="GETSpaceXData.validateSpaceSatelliteLaunchDetails()[pri:0, instance:com.test.GETSpaceXData@59f99ea]" name="validateSpaceSatelliteLaunchDetails" class="com.test.GETSpaceXData"/>
        <method signature="GETSpaceXData.validateSuccessStatusCodeReturnedInResponse()[pri:0, instance:com.test.GETSpaceXData@59f99ea]" name="validateSuccessStatusCodeReturnedInResponse" class="com.test.GETSpaceXData"/>
      </group> <!-- SpacexDemo-AP -->
    </groups>
    <test name="Default test" duration-ms="8846" started-at="2021-02-22T22:11:33Z" finished-at="2021-02-22T22:11:42Z">
      <class name="com.test.GETSpaceXData">
        <test-method status="PASS" signature="validateErrorInResponseWhenInvalidParameterPassedInRequest()[pri:0, instance:com.test.GETSpaceXData@59f99ea]" name="validateErrorInResponseWhenInvalidParameterPassedInRequest" duration-ms="3385" started-at="2021-02-22T22:11:33Z" finished-at="2021-02-22T22:11:37Z">
          <reporter-output>
          </reporter-output>
        </test-method> <!-- validateErrorInResponseWhenInvalidParameterPassedInRequest -->
        <test-method status="PASS" signature="validateResponseTimeIsLessThanTwoSeconds()[pri:0, instance:com.test.GETSpaceXData@59f99ea]" name="validateResponseTimeIsLessThanTwoSeconds" duration-ms="1899" started-at="2021-02-22T22:11:37Z" finished-at="2021-02-22T22:11:39Z">
          <reporter-output>
          </reporter-output>
        </test-method> <!-- validateResponseTimeIsLessThanTwoSeconds -->
        <test-method status="PASS" signature="validateSpaceSatelliteLaunchDetails()[pri:0, instance:com.test.GETSpaceXData@59f99ea]" name="validateSpaceSatelliteLaunchDetails" duration-ms="2462" started-at="2021-02-22T22:11:39Z" finished-at="2021-02-22T22:11:41Z">
          <reporter-output>
          </reporter-output>
        </test-method> <!-- validateSpaceSatelliteLaunchDetails -->
        <test-method status="PASS" signature="validateSuccessStatusCodeReturnedInResponse()[pri:0, instance:com.test.GETSpaceXData@59f99ea]" name="validateSuccessStatusCodeReturnedInResponse" duration-ms="1022" started-at="2021-02-22T22:11:41Z" finished-at="2021-02-22T22:11:42Z">
          <reporter-output>
          </reporter-output>
        </test-method> <!-- validateSuccessStatusCodeReturnedInResponse -->
      </class> <!-- com.test.GETSpaceXData -->
    </test> <!-- Default test -->
  </suite> <!-- Default suite -->
</testng-results>
